<?xml version="1.0" encoding="UTF-8"?>
<!-- Generated by org.testng.reporters.JUnitReportReporter -->
<testsuite hostname="Saanvi_Singh" failures="0" tests="2" name="crossbrowser.CrossBrowserTest" time="29.895" errors="0" timestamp="2023-09-25T23:46:06 EDT" skipped="0">
  <testcase classname="crossbrowser.CrossBrowserTest" name="verifytitle" time="18.269"/>
  <system-out/>
  <testcase classname="crossbrowser.CrossBrowserTest" name="verifytitle" time="11.626"/>
  <system-out/>
</testsuite> <!-- crossbrowser.CrossBrowserTest -->
