<?xml version="1.0" encoding="UTF-8"?>
<!-- Generated by org.testng.reporters.JUnitReportReporter -->
<testsuite hostname="Saanvi_Singh" failures="0" tests="2" name="crossbrowser.CrossBrowserTest" time="20.066" errors="0" timestamp="2023-09-21T22:49:55 EDT" skipped="0">
  <testcase classname="crossbrowser.CrossBrowserTest" name="verifytitle" time="8.615"/>
  <system-out/>
  <testcase classname="crossbrowser.CrossBrowserTest" name="verifytitle" time="11.451"/>
  <system-out/>
</testsuite> <!-- crossbrowser.CrossBrowserTest -->
